[debug] [2024-02-13T16:50:37.576Z] ----------------------------------------------------------------------
[debug] [2024-02-13T16:50:37.578Z] Command:       C:\Program Files\nodejs\node.exe C:\Users\Rehan Hansaja\AppData\Roaming\npm\node_modules\firebase-tools\lib\bin\firebase.js init
[debug] [2024-02-13T16:50:37.579Z] CLI Version:   13.2.1
[debug] [2024-02-13T16:50:37.579Z] Platform:      win32
[debug] [2024-02-13T16:50:37.579Z] Node Version:  v18.16.1
[debug] [2024-02-13T16:50:37.580Z] Time:          Tue Feb 13 2024 22:20:37 GMT+0530 (India Standard Time)
[debug] [2024-02-13T16:50:37.580Z] ----------------------------------------------------------------------
[debug] 
[debug] [2024-02-13T16:50:37.586Z] > command requires scopes: ["email","openid","https://www.googleapis.com/auth/cloudplatformprojects.readonly","https://www.googleapis.com/auth/firebase","https://www.googleapis.com/auth/cloud-platform"]
[debug] [2024-02-13T16:50:37.586Z] > authorizing via signed-in user (rehanhansaja01@gmail.com)
[info] 
     ######## #### ########  ######## ########     ###     ######  ########
     ##        ##  ##     ## ##       ##     ##  ##   ##  ##       ##
     ######    ##  ########  ######   ########  #########  ######  ######
     ##        ##  ##    ##  ##       ##     ## ##     ##       ## ##
     ##       #### ##     ## ######## ########  ##     ##  ######  ########

You're about to initialize a Firebase project in this directory:

  C:\LOCAL DISK\CS\projects\Restaurant-Landing-Page

Before we get started, keep in mind:

  * You are currently outside your home directory

